<?xml version="1.0" encoding="UTF-8"?>
<!-- Generated by org.testng.reporters.JUnitReportReporter -->
<testsuite name="tests.LoginTests" tests="1" time="12.104" ignored="0" failures="0" timestamp="15 nov 2018 00:33:51 GMT" skipped="0" hostname="MX-IT01393" errors="0">
  <testcase name="loginTest" time="12.104" classname="tests.LoginTests"/>
</testsuite> <!-- tests.LoginTests -->
